Building file: src/TuumUI.cpp
Building file: src/qrc_qml.cpp
Building file: src/moc_QSVideoPlayer.cpp
Building file: src/VideoTexture.cpp
Invoking: CPP Compiler
mkdir -p ../build/target/qtgui/platform-1/src/
Invoking: CPP Compiler
Invoking: CPP Compiler
mkdir -p ../build/target/qtgui/platform-1/src/
Building file: src/qtgui.cpp
mkdir -p ../build/target/qtgui/platform-1/src/
Invoking: CPP Compiler
gcc -DSYSTEM_VERSION_STRING=0.0.1 -Werror -I./inc -I/usr/include/x86_64-linux-gnu/qt5 -I/usr/include/x86_64-linux-gnu/qt5/QtWidgets -I/usr/include/x86_64-linux-gnu/qt5/QtGui -I/usr/include/x86_64-linux-gnu/qt5/QtCore -I/usr/lib/x86_64-linux-gnu/qt5/mkspecs/linux-g++-64 -I/usr/include/x86_64-linux-gnu/qt5/QtQuick -I/usr/include/x86_64-linux-gnu/qt5/QtQml -I../platform/inc -I../hal/inc -I../hal/src/deimos -I/usr/include/x86_64-linux-gnu/qt5 -I/usr/include/x86_64-linux-gnu/qt5/QtWidgets -I/usr/include/x86_64-linux-gnu/qt5/QtGui -I/usr/include/x86_64-linux-gnu/qt5/QtCore -I/usr/lib/x86_64-linux-gnu/qt5/mkspecs/linux-g++-64 -I.    -fPIC -std=gnu++11 -fPIC  -c -o ../build/target/qtgui/platform-1/src/qrc_qml.o src/qrc_qml.cpp
Invoking: CPP Compiler
gcc -DSYSTEM_VERSION_STRING=0.0.1 -Werror -I./inc -I/usr/include/x86_64-linux-gnu/qt5 -I/usr/include/x86_64-linux-gnu/qt5/QtWidgets -I/usr/include/x86_64-linux-gnu/qt5/QtGui -I/usr/include/x86_64-linux-gnu/qt5/QtCore -I/usr/lib/x86_64-linux-gnu/qt5/mkspecs/linux-g++-64 -I/usr/include/x86_64-linux-gnu/qt5/QtQuick -I/usr/include/x86_64-linux-gnu/qt5/QtQml -I../platform/inc -I../hal/inc -I../hal/src/deimos -I/usr/include/x86_64-linux-gnu/qt5 -I/usr/include/x86_64-linux-gnu/qt5/QtWidgets -I/usr/include/x86_64-linux-gnu/qt5/QtGui -I/usr/include/x86_64-linux-gnu/qt5/QtCore -I/usr/lib/x86_64-linux-gnu/qt5/mkspecs/linux-g++-64 -I.    -fPIC -std=gnu++11 -fPIC  -c -o ../build/target/qtgui/platform-1/src/moc_QSVideoPlayer.o src/moc_QSVideoPlayer.cpp
mkdir -p ../build/target/qtgui/platform-1/src/
mkdir -p ../build/target/qtgui/platform-1/src/
gcc -DSYSTEM_VERSION_STRING=0.0.1 -Werror -I./inc -I/usr/include/x86_64-linux-gnu/qt5 -I/usr/include/x86_64-linux-gnu/qt5/QtWidgets -I/usr/include/x86_64-linux-gnu/qt5/QtGui -I/usr/include/x86_64-linux-gnu/qt5/QtCore -I/usr/lib/x86_64-linux-gnu/qt5/mkspecs/linux-g++-64 -I/usr/include/x86_64-linux-gnu/qt5/QtQuick -I/usr/include/x86_64-linux-gnu/qt5/QtQml -I../platform/inc -I../hal/inc -I../hal/src/deimos -I/usr/include/x86_64-linux-gnu/qt5 -I/usr/include/x86_64-linux-gnu/qt5/QtWidgets -I/usr/include/x86_64-linux-gnu/qt5/QtGui -I/usr/include/x86_64-linux-gnu/qt5/QtCore -I/usr/lib/x86_64-linux-gnu/qt5/mkspecs/linux-g++-64 -I.    -fPIC -std=gnu++11 -fPIC  -c -o ../build/target/qtgui/platform-1/src/VideoTexture.o src/VideoTexture.cpp
gcc -DSYSTEM_VERSION_STRING=0.0.1 -Werror -I./inc -I/usr/include/x86_64-linux-gnu/qt5 -I/usr/include/x86_64-linux-gnu/qt5/QtWidgets -I/usr/include/x86_64-linux-gnu/qt5/QtGui -I/usr/include/x86_64-linux-gnu/qt5/QtCore -I/usr/lib/x86_64-linux-gnu/qt5/mkspecs/linux-g++-64 -I/usr/include/x86_64-linux-gnu/qt5/QtQuick -I/usr/include/x86_64-linux-gnu/qt5/QtQml -I../platform/inc -I../hal/inc -I../hal/src/deimos -I/usr/include/x86_64-linux-gnu/qt5 -I/usr/include/x86_64-linux-gnu/qt5/QtWidgets -I/usr/include/x86_64-linux-gnu/qt5/QtGui -I/usr/include/x86_64-linux-gnu/qt5/QtCore -I/usr/lib/x86_64-linux-gnu/qt5/mkspecs/linux-g++-64 -I.    -fPIC -std=gnu++11 -fPIC  -c -o ../build/target/qtgui/platform-1/src/qtgui.o src/qtgui.cpp
gcc -DSYSTEM_VERSION_STRING=0.0.1 -Werror -I./inc -I/usr/include/x86_64-linux-gnu/qt5 -I/usr/include/x86_64-linux-gnu/qt5/QtWidgets -I/usr/include/x86_64-linux-gnu/qt5/QtGui -I/usr/include/x86_64-linux-gnu/qt5/QtCore -I/usr/lib/x86_64-linux-gnu/qt5/mkspecs/linux-g++-64 -I/usr/include/x86_64-linux-gnu/qt5/QtQuick -I/usr/include/x86_64-linux-gnu/qt5/QtQml -I../platform/inc -I../hal/inc -I../hal/src/deimos -I/usr/include/x86_64-linux-gnu/qt5 -I/usr/include/x86_64-linux-gnu/qt5/QtWidgets -I/usr/include/x86_64-linux-gnu/qt5/QtGui -I/usr/include/x86_64-linux-gnu/qt5/QtCore -I/usr/lib/x86_64-linux-gnu/qt5/mkspecs/linux-g++-64 -I.    -fPIC -std=gnu++11 -fPIC  -c -o ../build/target/qtgui/platform-1/src/TuumUI.o src/TuumUI.cpp

Building file: src/YUB2RGBMaterial.cpp
Invoking: CPP Compiler
mkdir -p ../build/target/qtgui/platform-1/src/

gcc -DSYSTEM_VERSION_STRING=0.0.1 -Werror -I./inc -I/usr/include/x86_64-linux-gnu/qt5 -I/usr/include/x86_64-linux-gnu/qt5/QtWidgets -I/usr/include/x86_64-linux-gnu/qt5/QtGui -I/usr/include/x86_64-linux-gnu/qt5/QtCore -I/usr/lib/x86_64-linux-gnu/qt5/mkspecs/linux-g++-64 -I/usr/include/x86_64-linux-gnu/qt5/QtQuick -I/usr/include/x86_64-linux-gnu/qt5/QtQml -I../platform/inc -I../hal/inc -I../hal/src/deimos -I/usr/include/x86_64-linux-gnu/qt5 -I/usr/include/x86_64-linux-gnu/qt5/QtWidgets -I/usr/include/x86_64-linux-gnu/qt5/QtGui -I/usr/include/x86_64-linux-gnu/qt5/QtCore -I/usr/lib/x86_64-linux-gnu/qt5/mkspecs/linux-g++-64 -I.    -fPIC -std=gnu++11 -fPIC  -c -o ../build/target/qtgui/platform-1/src/YUB2RGBMaterial.o src/YUB2RGBMaterial.cpp
Building file: src/QSVideoPlayer.cpp
Invoking: CPP Compiler
mkdir -p ../build/target/qtgui/platform-1/src/
gcc -DSYSTEM_VERSION_STRING=0.0.1 -Werror -I./inc -I/usr/include/x86_64-linux-gnu/qt5 -I/usr/include/x86_64-linux-gnu/qt5/QtWidgets -I/usr/include/x86_64-linux-gnu/qt5/QtGui -I/usr/include/x86_64-linux-gnu/qt5/QtCore -I/usr/lib/x86_64-linux-gnu/qt5/mkspecs/linux-g++-64 -I/usr/include/x86_64-linux-gnu/qt5/QtQuick -I/usr/include/x86_64-linux-gnu/qt5/QtQml -I../platform/inc -I../hal/inc -I../hal/src/deimos -I/usr/include/x86_64-linux-gnu/qt5 -I/usr/include/x86_64-linux-gnu/qt5/QtWidgets -I/usr/include/x86_64-linux-gnu/qt5/QtGui -I/usr/include/x86_64-linux-gnu/qt5/QtCore -I/usr/lib/x86_64-linux-gnu/qt5/mkspecs/linux-g++-64 -I.    -fPIC -std=gnu++11 -fPIC  -c -o ../build/target/qtgui/platform-1/src/QSVideoPlayer.o src/QSVideoPlayer.cpp





Building target: ../build/target/qtgui/platform-1/libqtgui.a
Invoking: Archiver
mkdir -p ../build/target/qtgui/platform-1/
ar -cr ../build/target/qtgui/platform-1/libqtgui.a ../build/target/qtgui/platform-1/src/TuumUI.o ../build/target/qtgui/platform-1/src/VideoTexture.o ../build/target/qtgui/platform-1/src/qrc_qml.o ../build/target/qtgui/platform-1/src/moc_QSVideoPlayer.o ../build/target/qtgui/platform-1/src/qtgui.o ../build/target/qtgui/platform-1/src/YUB2RGBMaterial.o ../build/target/qtgui/platform-1/src/QSVideoPlayer.o

